2025-07-10 10:18:55:SCALES:INFO:scales_calib.py: Using proc table file scales_calib_lr.proc
2025-07-10 10:18:55:SCALES:INFO:scales_proctab.py: proc table file not found: scales_calib_lr.proc
2025-07-10 10:18:55:SCALES:INFO:scales_file_primitives.py: ------------------- Ingesting file /Users/athira/Desktop/scales_drp/star_extraction/kb220601_00043.fits -------------------
2025-07-10 10:18:55:SCALES:INFO:scales_file_primitives.py: ------------------- Ingesting file /Users/athira/Desktop/scales_drp/star_extraction/lr20250708_0002.fits -------------------
2025-07-10 10:18:56:SCALES:INFO:scales_file_primitives.py: <<< read 1 imgs and 0 tables out of 1 hdus in /Users/athira/Desktop/scales_drp/star_extraction/lr20250708_0002.fits
2025-07-10 10:18:56:SCALES:INFO:scales_proctab.py: Looking for MBIAS frames
2025-07-10 10:18:56:SCALES:INFO:scales_proctab.py: Observing Mode is LOWRES
2025-07-10 10:18:56:SCALES:INFO:scales_proctab.py: Target type is MBIAS
2025-07-10 10:18:56:SCALES:INFO:scales_proctab.py: Looking for frames with CCDCFG = 2201009
2025-07-10 10:18:56:SCALES:INFO:scales_calib_pipeline.py: ******* FILE TYPE DETERMINED AS OBJECT
2025-07-10 10:18:56:SCALES:INFO:scales_calib_pipeline.py: ******* GROUPID is 2022-06-01-43 
2025-07-10 10:18:56:SCALES:INFO:scales_calib_pipeline.py: ******* STATEID is med_bl (5faddd9cce9e245c077b1eae) 
2025-07-10 10:18:56:SCALES:INFO:scales_calib_pipeline.py: ******* Observing MODE is LOWRES 
2025-07-10 10:18:56:SCALES:INFO:scales_file_primitives.py: ------------------- Ingesting file /Users/athira/Desktop/scales_drp/star_extraction/lr20250708_0010.fits -------------------
2025-07-10 10:18:56:SCALES:INFO:scales_file_primitives.py: <<< read 1 imgs and 0 tables out of 1 hdus in /Users/athira/Desktop/scales_drp/star_extraction/lr20250708_0010.fits
2025-07-10 10:18:56:SCALES:INFO:scales_calib_pipeline.py: ******* FILE TYPE DETERMINED AS DARK
2025-07-10 10:18:56:SCALES:INFO:scales_calib_pipeline.py: ******* GROUPID is 2022-06-01-43 
2025-07-10 10:18:56:SCALES:INFO:scales_calib_pipeline.py: ******* STATEID is med_bl (5faddd9cce9e245c077b1eae) 
2025-07-10 10:18:56:SCALES:INFO:scales_calib_pipeline.py: ******* Observing MODE is LOWRES 
2025-07-10 10:18:56:SCALES:INFO:scales_file_primitives.py: ------------------- Ingesting file /Users/athira/Desktop/scales_drp/star_extraction/lr20250708_0011.fits -------------------
2025-07-10 10:18:58:SCALES:INFO:scales_file_primitives.py: <<< read 1 imgs and 0 tables out of 1 hdus in /Users/athira/Desktop/scales_drp/star_extraction/lr20250708_0011.fits
2025-07-10 10:18:58:SCALES:INFO:scales_calib_pipeline.py: ******* FILE TYPE DETERMINED AS DARK
2025-07-10 10:18:58:SCALES:INFO:scales_calib_pipeline.py: ******* GROUPID is 2022-06-01-43 
2025-07-10 10:18:58:SCALES:INFO:scales_calib_pipeline.py: ******* STATEID is med_bl (5faddd9cce9e245c077b1eae) 
2025-07-10 10:18:58:SCALES:INFO:scales_calib_pipeline.py: ******* Observing MODE is LOWRES 
2025-07-10 10:18:58:SCALES:INFO:scales_file_primitives.py: ------------------- Ingesting file /Users/athira/Desktop/scales_drp/star_extraction/lr20250708_0012.fits -------------------
2025-07-10 10:18:58:SCALES:INFO:scales_file_primitives.py: <<< read 1 imgs and 0 tables out of 1 hdus in /Users/athira/Desktop/scales_drp/star_extraction/lr20250708_0012.fits
2025-07-10 10:18:58:SCALES:INFO:scales_calib_pipeline.py: ******* FILE TYPE DETERMINED AS DARK
2025-07-10 10:18:58:SCALES:INFO:scales_calib_pipeline.py: ******* GROUPID is 2022-06-01-43 
2025-07-10 10:18:58:SCALES:INFO:scales_calib_pipeline.py: ******* STATEID is med_bl (5faddd9cce9e245c077b1eae) 
2025-07-10 10:18:58:SCALES:INFO:scales_calib_pipeline.py: ******* Observing MODE is LOWRES 
2025-07-10 10:18:58:SCALES:INFO:scales_file_primitives.py: ------------------- Ingesting file /Users/athira/Desktop/scales_drp/star_extraction/lr20250708_0013.fits -------------------
2025-07-10 10:19:00:SCALES:INFO:scales_file_primitives.py: <<< read 1 imgs and 0 tables out of 1 hdus in /Users/athira/Desktop/scales_drp/star_extraction/lr20250708_0013.fits
2025-07-10 10:19:00:SCALES:INFO:scales_calib_pipeline.py: ******* FILE TYPE DETERMINED AS DARK
2025-07-10 10:19:00:SCALES:INFO:scales_calib_pipeline.py: ******* GROUPID is 2022-06-01-43 
2025-07-10 10:19:00:SCALES:INFO:scales_calib_pipeline.py: ******* STATEID is med_bl (5faddd9cce9e245c077b1eae) 
2025-07-10 10:19:00:SCALES:INFO:scales_calib_pipeline.py: ******* Observing MODE is LOWRES 
2025-07-10 10:19:00:SCALES:INFO:scales_file_primitives.py: ------------------- Ingesting file /Users/athira/Desktop/scales_drp/star_extraction/lr20250708_0014.fits -------------------
2025-07-10 10:19:00:SCALES:INFO:scales_file_primitives.py: <<< read 1 imgs and 0 tables out of 1 hdus in /Users/athira/Desktop/scales_drp/star_extraction/lr20250708_0014.fits
